2023-06-06 06:44:05 [127.0.0.1][-][-][error][yii\web\HttpException:404] yii\base\InvalidRouteException: Unable to resolve the request: site/drinks in D:\Programms\OSPanel\domains\yii2\vendor\yiisoft\yii2\base\Controller.php:149
Stack trace:
#0 D:\Programms\OSPanel\domains\yii2\vendor\yiisoft\yii2\base\Module.php(552): yii\base\Controller->runAction()
#1 D:\Programms\OSPanel\domains\yii2\vendor\yiisoft\yii2\web\Application.php(103): yii\base\Module->runAction()
#2 D:\Programms\OSPanel\domains\yii2\vendor\yiisoft\yii2\base\Application.php(384): yii\web\Application->handleRequest()
#3 D:\Programms\OSPanel\domains\yii2\web\index.php(12): yii\base\Application->run()
#4 {main}

Next yii\web\NotFoundHttpException: Page not found. in D:\Programms\OSPanel\domains\yii2\vendor\yiisoft\yii2\web\Application.php:115
Stack trace:
#0 D:\Programms\OSPanel\domains\yii2\vendor\yiisoft\yii2\base\Application.php(384): yii\web\Application->handleRequest()
#1 D:\Programms\OSPanel\domains\yii2\web\index.php(12): yii\base\Application->run()
#2 {main}
2023-06-06 06:44:05 [127.0.0.1][-][-][info][application] $_GET = [
    'r' => 'site/drinks'
]

$_POST = []

$_FILES = []

$_COOKIE = [
    'PHPSESSID' => '39f3vlsrnh2m2h49p7hqqs81cnumjbc3'
]

$_SESSION = [
    '__flash' => []
    'cart' => [
        3 => [
            'title' => 'Ветчина и грибы'
            'price' => '700.00'
            'quantity' => 1
        ]
        4 => [
            'title' => 'Четыре сыра'
            'price' => '800.00'
            'quantity' => 1
        ]
        2 => [
            'title' => 'Пепперони'
            'price' => '600.00'
            'quantity' => 1
        ]
    ]
]

$_SERVER = [
    'HTTP_HOST' => 'yii2'
    'HTTP_X_FORWARDED_PROTO' => 'http'
    'HTTP_X_REAL_IP' => '127.0.0.1'
    'HTTP_USER_AGENT' => 'Mozilla/5.0 (Windows NT 10.0; Win64; x64; rv:109.0) Gecko/20100101 Firefox/113.0'
    'HTTP_ACCEPT' => 'text/html,application/xhtml+xml,application/xml;q=0.9,image/avif,image/webp,*/*;q=0.8'
    'HTTP_ACCEPT_LANGUAGE' => 'ru-RU,ru;q=0.8,en-US;q=0.5,en;q=0.3'
    'HTTP_ACCEPT_ENCODING' => 'gzip, deflate'
    'HTTP_REFERER' => 'http://yii2/web/index.php'
    'HTTP_COOKIE' => 'PHPSESSID=39f3vlsrnh2m2h49p7hqqs81cnumjbc3'
    'HTTP_UPGRADE_INSECURE_REQUESTS' => '1'
    'PATH' => 'd:\\programms\\ospanel\\modules\\php\\PHP_8.0\\ext;d:\\programms\\ospanel\\modules\\php\\PHP_8.0\\pear;d:\\programms\\ospanel\\modules\\php\\PHP_8.0\\pear\\bin;d:\\programms\\ospanel\\modules\\php\\PHP_8.0;d:\\programms\\ospanel\\modules\\wget\\bin;d:\\programms\\ospanel\\modules\\database\\MySQL-5.6\\bin;d:\\programms\\ospanel\\modules\\http\\Apache_2.4-PHP_8.0-8.1+Nginx_1.23\\bin;d:\\programms\\ospanel\\modules\\http\\Apache_2.4-PHP_8.0-8.1+Nginx_1.23;C:\\Windows\\system32;C:\\Windows;C:\\Windows\\system32\\Wbem;C:\\Windows\\SysWOW64'
    'SystemRoot' => 'C:\\Windows'
    'COMSPEC' => 'C:\\Windows\\system32\\cmd.exe'
    'PATHEXT' => '.COM;.EXE;.BAT;.CMD;.VBS;.VBE;.JS;.JSE;.WSF;.WSH;.MSC'
    'WINDIR' => 'C:\\Windows'
    'SERVER_SIGNATURE' => ''
    'SERVER_SOFTWARE' => 'Apache'
    'SERVER_NAME' => 'yii2'
    'SERVER_ADDR' => '127.0.0.1'
    'SERVER_PORT' => '80'
    'REMOTE_ADDR' => '127.0.0.1'
    'DOCUMENT_ROOT' => 'D:/Programms/OSPanel/domains/yii2'
    'REQUEST_SCHEME' => 'http'
    'CONTEXT_PREFIX' => ''
    'CONTEXT_DOCUMENT_ROOT' => 'D:/Programms/OSPanel/domains/yii2'
    'SERVER_ADMIN' => '[no address given]'
    'SCRIPT_FILENAME' => 'D:/Programms/OSPanel/domains/yii2/web/index.php'
    'REMOTE_PORT' => '51149'
    'GATEWAY_INTERFACE' => 'CGI/1.1'
    'SERVER_PROTOCOL' => 'HTTP/1.1'
    'REQUEST_METHOD' => 'GET'
    'QUERY_STRING' => 'r=site%2Fdrinks'
    'REQUEST_URI' => '/web/index.php?r=site%2Fdrinks'
    'SCRIPT_NAME' => '/web/index.php'
    'PHP_SELF' => '/web/index.php'
    'REQUEST_TIME_FLOAT' => 1686023045.8682
    'REQUEST_TIME' => 1686023045
]
2023-06-06 06:47:55 [127.0.0.1][-][-][error][yii\web\HttpException:404] yii\base\InvalidRouteException: Unable to resolve the request "cart/index". in D:\Programms\OSPanel\domains\yii2\vendor\yiisoft\yii2\base\Module.php:561
Stack trace:
#0 D:\Programms\OSPanel\domains\yii2\vendor\yiisoft\yii2\web\Application.php(103): yii\base\Module->runAction()
#1 D:\Programms\OSPanel\domains\yii2\vendor\yiisoft\yii2\base\Application.php(384): yii\web\Application->handleRequest()
#2 D:\Programms\OSPanel\domains\yii2\web\index.php(12): yii\base\Application->run()
#3 {main}

Next yii\web\NotFoundHttpException: Page not found. in D:\Programms\OSPanel\domains\yii2\vendor\yiisoft\yii2\web\Application.php:115
Stack trace:
#0 D:\Programms\OSPanel\domains\yii2\vendor\yiisoft\yii2\base\Application.php(384): yii\web\Application->handleRequest()
#1 D:\Programms\OSPanel\domains\yii2\web\index.php(12): yii\base\Application->run()
#2 {main}
2023-06-06 06:47:55 [127.0.0.1][-][-][info][application] $_GET = [
    'r' => 'cart/index'
]

$_POST = []

$_FILES = []

$_COOKIE = [
    'PHPSESSID' => '39f3vlsrnh2m2h49p7hqqs81cnumjbc3'
]

$_SESSION = [
    '__flash' => []
    'cart' => [
        3 => [
            'title' => 'Ветчина и грибы'
            'price' => '700.00'
            'quantity' => 1
        ]
        4 => [
            'title' => 'Четыре сыра'
            'price' => '800.00'
            'quantity' => 1
        ]
        2 => [
            'title' => 'Пепперони'
            'price' => '600.00'
            'quantity' => 1
        ]
    ]
]

$_SERVER = [
    'HTTP_HOST' => 'yii2'
    'HTTP_X_FORWARDED_PROTO' => 'http'
    'HTTP_X_REAL_IP' => '127.0.0.1'
    'HTTP_USER_AGENT' => 'Mozilla/5.0 (Windows NT 10.0; Win64; x64; rv:109.0) Gecko/20100101 Firefox/113.0'
    'HTTP_ACCEPT' => 'text/html,application/xhtml+xml,application/xml;q=0.9,image/avif,image/webp,*/*;q=0.8'
    'HTTP_ACCEPT_LANGUAGE' => 'ru-RU,ru;q=0.8,en-US;q=0.5,en;q=0.3'
    'HTTP_ACCEPT_ENCODING' => 'gzip, deflate'
    'HTTP_REFERER' => 'http://yii2/web/index.php'
    'HTTP_COOKIE' => 'PHPSESSID=39f3vlsrnh2m2h49p7hqqs81cnumjbc3'
    'HTTP_UPGRADE_INSECURE_REQUESTS' => '1'
    'PATH' => 'd:\\programms\\ospanel\\modules\\php\\PHP_8.0\\ext;d:\\programms\\ospanel\\modules\\php\\PHP_8.0\\pear;d:\\programms\\ospanel\\modules\\php\\PHP_8.0\\pear\\bin;d:\\programms\\ospanel\\modules\\php\\PHP_8.0;d:\\programms\\ospanel\\modules\\wget\\bin;d:\\programms\\ospanel\\modules\\database\\MySQL-5.6\\bin;d:\\programms\\ospanel\\modules\\http\\Apache_2.4-PHP_8.0-8.1+Nginx_1.23\\bin;d:\\programms\\ospanel\\modules\\http\\Apache_2.4-PHP_8.0-8.1+Nginx_1.23;C:\\Windows\\system32;C:\\Windows;C:\\Windows\\system32\\Wbem;C:\\Windows\\SysWOW64'
    'SystemRoot' => 'C:\\Windows'
    'COMSPEC' => 'C:\\Windows\\system32\\cmd.exe'
    'PATHEXT' => '.COM;.EXE;.BAT;.CMD;.VBS;.VBE;.JS;.JSE;.WSF;.WSH;.MSC'
    'WINDIR' => 'C:\\Windows'
    'SERVER_SIGNATURE' => ''
    'SERVER_SOFTWARE' => 'Apache'
    'SERVER_NAME' => 'yii2'
    'SERVER_ADDR' => '127.0.0.1'
    'SERVER_PORT' => '80'
    'REMOTE_ADDR' => '127.0.0.1'
    'DOCUMENT_ROOT' => 'D:/Programms/OSPanel/domains/yii2'
    'REQUEST_SCHEME' => 'http'
    'CONTEXT_PREFIX' => ''
    'CONTEXT_DOCUMENT_ROOT' => 'D:/Programms/OSPanel/domains/yii2'
    'SERVER_ADMIN' => '[no address given]'
    'SCRIPT_FILENAME' => 'D:/Programms/OSPanel/domains/yii2/web/index.php'
    'REMOTE_PORT' => '51254'
    'GATEWAY_INTERFACE' => 'CGI/1.1'
    'SERVER_PROTOCOL' => 'HTTP/1.1'
    'REQUEST_METHOD' => 'GET'
    'QUERY_STRING' => 'r=cart%2Findex'
    'REQUEST_URI' => '/web/index.php?r=cart%2Findex'
    'SCRIPT_NAME' => '/web/index.php'
    'PHP_SELF' => '/web/index.php'
    'REQUEST_TIME_FLOAT' => 1686023275.9288
    'REQUEST_TIME' => 1686023275
]
2023-06-06 06:50:40 [127.0.0.1][-][-][error][yii\web\HttpException:404] yii\base\InvalidRouteException: Unable to resolve the request "cart". in D:\Programms\OSPanel\domains\yii2\vendor\yiisoft\yii2\base\Module.php:561
Stack trace:
#0 D:\Programms\OSPanel\domains\yii2\vendor\yiisoft\yii2\web\Application.php(103): yii\base\Module->runAction()
#1 D:\Programms\OSPanel\domains\yii2\vendor\yiisoft\yii2\base\Application.php(384): yii\web\Application->handleRequest()
#2 D:\Programms\OSPanel\domains\yii2\web\index.php(12): yii\base\Application->run()
#3 {main}

Next yii\web\NotFoundHttpException: Page not found. in D:\Programms\OSPanel\domains\yii2\vendor\yiisoft\yii2\web\Application.php:115
Stack trace:
#0 D:\Programms\OSPanel\domains\yii2\vendor\yiisoft\yii2\base\Application.php(384): yii\web\Application->handleRequest()
#1 D:\Programms\OSPanel\domains\yii2\web\index.php(12): yii\base\Application->run()
#2 {main}
2023-06-06 06:50:40 [127.0.0.1][-][-][info][application] $_GET = [
    'r' => 'cart'
]

$_POST = []

$_FILES = []

$_COOKIE = [
    'PHPSESSID' => '39f3vlsrnh2m2h49p7hqqs81cnumjbc3'
]

$_SESSION = [
    '__flash' => []
    'cart' => [
        3 => [
            'title' => 'Ветчина и грибы'
            'price' => '700.00'
            'quantity' => 1
        ]
        4 => [
            'title' => 'Четыре сыра'
            'price' => '800.00'
            'quantity' => 1
        ]
        2 => [
            'title' => 'Пепперони'
            'price' => '600.00'
            'quantity' => 1
        ]
    ]
]

$_SERVER = [
    'HTTP_HOST' => 'yii2'
    'HTTP_X_FORWARDED_PROTO' => 'http'
    'HTTP_X_REAL_IP' => '127.0.0.1'
    'HTTP_USER_AGENT' => 'Mozilla/5.0 (Windows NT 10.0; Win64; x64; rv:109.0) Gecko/20100101 Firefox/113.0'
    'HTTP_ACCEPT' => 'text/html,application/xhtml+xml,application/xml;q=0.9,image/avif,image/webp,*/*;q=0.8'
    'HTTP_ACCEPT_LANGUAGE' => 'ru-RU,ru;q=0.8,en-US;q=0.5,en;q=0.3'
    'HTTP_ACCEPT_ENCODING' => 'gzip, deflate'
    'HTTP_REFERER' => 'http://yii2/web/index.php'
    'HTTP_COOKIE' => 'PHPSESSID=39f3vlsrnh2m2h49p7hqqs81cnumjbc3'
    'HTTP_UPGRADE_INSECURE_REQUESTS' => '1'
    'PATH' => 'd:\\programms\\ospanel\\modules\\php\\PHP_8.0\\ext;d:\\programms\\ospanel\\modules\\php\\PHP_8.0\\pear;d:\\programms\\ospanel\\modules\\php\\PHP_8.0\\pear\\bin;d:\\programms\\ospanel\\modules\\php\\PHP_8.0;d:\\programms\\ospanel\\modules\\wget\\bin;d:\\programms\\ospanel\\modules\\database\\MySQL-5.6\\bin;d:\\programms\\ospanel\\modules\\http\\Apache_2.4-PHP_8.0-8.1+Nginx_1.23\\bin;d:\\programms\\ospanel\\modules\\http\\Apache_2.4-PHP_8.0-8.1+Nginx_1.23;C:\\Windows\\system32;C:\\Windows;C:\\Windows\\system32\\Wbem;C:\\Windows\\SysWOW64'
    'SystemRoot' => 'C:\\Windows'
    'COMSPEC' => 'C:\\Windows\\system32\\cmd.exe'
    'PATHEXT' => '.COM;.EXE;.BAT;.CMD;.VBS;.VBE;.JS;.JSE;.WSF;.WSH;.MSC'
    'WINDIR' => 'C:\\Windows'
    'SERVER_SIGNATURE' => ''
    'SERVER_SOFTWARE' => 'Apache'
    'SERVER_NAME' => 'yii2'
    'SERVER_ADDR' => '127.0.0.1'
    'SERVER_PORT' => '80'
    'REMOTE_ADDR' => '127.0.0.1'
    'DOCUMENT_ROOT' => 'D:/Programms/OSPanel/domains/yii2'
    'REQUEST_SCHEME' => 'http'
    'CONTEXT_PREFIX' => ''
    'CONTEXT_DOCUMENT_ROOT' => 'D:/Programms/OSPanel/domains/yii2'
    'SERVER_ADMIN' => '[no address given]'
    'SCRIPT_FILENAME' => 'D:/Programms/OSPanel/domains/yii2/web/index.php'
    'REMOTE_PORT' => '51305'
    'GATEWAY_INTERFACE' => 'CGI/1.1'
    'SERVER_PROTOCOL' => 'HTTP/1.1'
    'REQUEST_METHOD' => 'GET'
    'QUERY_STRING' => 'r=cart'
    'REQUEST_URI' => '/web/index.php?r=cart'
    'SCRIPT_NAME' => '/web/index.php'
    'PHP_SELF' => '/web/index.php'
    'REQUEST_TIME_FLOAT' => 1686023440.5241
    'REQUEST_TIME' => 1686023440
]
2023-06-06 06:54:00 [127.0.0.1][-][39f3vlsrnh2m2h49p7hqqs81cnumjbc3][error][yii\base\UnknownPropertyException] yii\base\UnknownPropertyException: Getting unknown property: yii\web\Application::cart in D:\Programms\OSPanel\domains\yii2\vendor\yiisoft\yii2\base\Component.php:154
Stack trace:
#0 D:\Programms\OSPanel\domains\yii2\vendor\yiisoft\yii2\di\ServiceLocator.php(77): yii\base\Component->__get()
#1 D:\Programms\OSPanel\domains\yii2\controllers\SiteController.php(30): yii\di\ServiceLocator->__get()
#2 [internal function]: app\controllers\SiteController->actionCart()
#3 D:\Programms\OSPanel\domains\yii2\vendor\yiisoft\yii2\base\InlineAction.php(57): call_user_func_array()
#4 D:\Programms\OSPanel\domains\yii2\vendor\yiisoft\yii2\base\Controller.php(178): yii\base\InlineAction->runWithParams()
#5 D:\Programms\OSPanel\domains\yii2\vendor\yiisoft\yii2\base\Module.php(552): yii\base\Controller->runAction()
#6 D:\Programms\OSPanel\domains\yii2\vendor\yiisoft\yii2\web\Application.php(103): yii\base\Module->runAction()
#7 D:\Programms\OSPanel\domains\yii2\vendor\yiisoft\yii2\base\Application.php(384): yii\web\Application->handleRequest()
#8 D:\Programms\OSPanel\domains\yii2\web\index.php(12): yii\base\Application->run()
#9 {main}
2023-06-06 06:54:00 [127.0.0.1][-][39f3vlsrnh2m2h49p7hqqs81cnumjbc3][info][application] $_GET = [
    'r' => 'site/cart'
]

$_POST = []

$_FILES = []

$_COOKIE = [
    'PHPSESSID' => '39f3vlsrnh2m2h49p7hqqs81cnumjbc3'
]

$_SESSION = [
    '__flash' => []
    'cart' => [
        3 => [
            'title' => 'Ветчина и грибы'
            'price' => '700.00'
            'quantity' => 1
        ]
        4 => [
            'title' => 'Четыре сыра'
            'price' => '800.00'
            'quantity' => 1
        ]
        2 => [
            'title' => 'Пепперони'
            'price' => '600.00'
            'quantity' => 1
        ]
    ]
]

$_SERVER = [
    'HTTP_HOST' => 'yii2'
    'HTTP_X_FORWARDED_PROTO' => 'http'
    'HTTP_X_REAL_IP' => '127.0.0.1'
    'HTTP_USER_AGENT' => 'Mozilla/5.0 (Windows NT 10.0; Win64; x64; rv:109.0) Gecko/20100101 Firefox/113.0'
    'HTTP_ACCEPT' => 'text/html,application/xhtml+xml,application/xml;q=0.9,image/avif,image/webp,*/*;q=0.8'
    'HTTP_ACCEPT_LANGUAGE' => 'ru-RU,ru;q=0.8,en-US;q=0.5,en;q=0.3'
    'HTTP_ACCEPT_ENCODING' => 'gzip, deflate'
    'HTTP_REFERER' => 'http://yii2/web/index.php'
    'HTTP_COOKIE' => 'PHPSESSID=39f3vlsrnh2m2h49p7hqqs81cnumjbc3'
    'HTTP_UPGRADE_INSECURE_REQUESTS' => '1'
    'PATH' => 'd:\\programms\\ospanel\\modules\\php\\PHP_8.0\\ext;d:\\programms\\ospanel\\modules\\php\\PHP_8.0\\pear;d:\\programms\\ospanel\\modules\\php\\PHP_8.0\\pear\\bin;d:\\programms\\ospanel\\modules\\php\\PHP_8.0;d:\\programms\\ospanel\\modules\\wget\\bin;d:\\programms\\ospanel\\modules\\database\\MySQL-5.6\\bin;d:\\programms\\ospanel\\modules\\http\\Apache_2.4-PHP_8.0-8.1+Nginx_1.23\\bin;d:\\programms\\ospanel\\modules\\http\\Apache_2.4-PHP_8.0-8.1+Nginx_1.23;C:\\Windows\\system32;C:\\Windows;C:\\Windows\\system32\\Wbem;C:\\Windows\\SysWOW64'
    'SystemRoot' => 'C:\\Windows'
    'COMSPEC' => 'C:\\Windows\\system32\\cmd.exe'
    'PATHEXT' => '.COM;.EXE;.BAT;.CMD;.VBS;.VBE;.JS;.JSE;.WSF;.WSH;.MSC'
    'WINDIR' => 'C:\\Windows'
    'SERVER_SIGNATURE' => ''
    'SERVER_SOFTWARE' => 'Apache'
    'SERVER_NAME' => 'yii2'
    'SERVER_ADDR' => '127.0.0.1'
    'SERVER_PORT' => '80'
    'REMOTE_ADDR' => '127.0.0.1'
    'DOCUMENT_ROOT' => 'D:/Programms/OSPanel/domains/yii2'
    'REQUEST_SCHEME' => 'http'
    'CONTEXT_PREFIX' => ''
    'CONTEXT_DOCUMENT_ROOT' => 'D:/Programms/OSPanel/domains/yii2'
    'SERVER_ADMIN' => '[no address given]'
    'SCRIPT_FILENAME' => 'D:/Programms/OSPanel/domains/yii2/web/index.php'
    'REMOTE_PORT' => '51351'
    'GATEWAY_INTERFACE' => 'CGI/1.1'
    'SERVER_PROTOCOL' => 'HTTP/1.1'
    'REQUEST_METHOD' => 'GET'
    'QUERY_STRING' => 'r=site%2Fcart'
    'REQUEST_URI' => '/web/index.php?r=site%2Fcart'
    'SCRIPT_NAME' => '/web/index.php'
    'PHP_SELF' => '/web/index.php'
    'REQUEST_TIME_FLOAT' => 1686023640.0784
    'REQUEST_TIME' => 1686023640
]
2023-06-06 06:55:15 [127.0.0.1][-][39f3vlsrnh2m2h49p7hqqs81cnumjbc3][error][yii\base\UnknownPropertyException] yii\base\UnknownPropertyException: Getting unknown property: yii\web\Application::cart in D:\Programms\OSPanel\domains\yii2\vendor\yiisoft\yii2\base\Component.php:154
Stack trace:
#0 D:\Programms\OSPanel\domains\yii2\vendor\yiisoft\yii2\di\ServiceLocator.php(77): yii\base\Component->__get()
#1 D:\Programms\OSPanel\domains\yii2\controllers\SiteController.php(30): yii\di\ServiceLocator->__get()
#2 [internal function]: app\controllers\SiteController->actionCart()
#3 D:\Programms\OSPanel\domains\yii2\vendor\yiisoft\yii2\base\InlineAction.php(57): call_user_func_array()
#4 D:\Programms\OSPanel\domains\yii2\vendor\yiisoft\yii2\base\Controller.php(178): yii\base\InlineAction->runWithParams()
#5 D:\Programms\OSPanel\domains\yii2\vendor\yiisoft\yii2\base\Module.php(552): yii\base\Controller->runAction()
#6 D:\Programms\OSPanel\domains\yii2\vendor\yiisoft\yii2\web\Application.php(103): yii\base\Module->runAction()
#7 D:\Programms\OSPanel\domains\yii2\vendor\yiisoft\yii2\base\Application.php(384): yii\web\Application->handleRequest()
#8 D:\Programms\OSPanel\domains\yii2\web\index.php(12): yii\base\Application->run()
#9 {main}
2023-06-06 06:55:15 [127.0.0.1][-][39f3vlsrnh2m2h49p7hqqs81cnumjbc3][info][application] $_GET = [
    'r' => 'site/cart'
]

$_POST = []

$_FILES = []

$_COOKIE = [
    'PHPSESSID' => '39f3vlsrnh2m2h49p7hqqs81cnumjbc3'
]

$_SESSION = [
    '__flash' => []
    'cart' => [
        3 => [
            'title' => 'Ветчина и грибы'
            'price' => '700.00'
            'quantity' => 1
        ]
        4 => [
            'title' => 'Четыре сыра'
            'price' => '800.00'
            'quantity' => 1
        ]
        2 => [
            'title' => 'Пепперони'
            'price' => '600.00'
            'quantity' => 1
        ]
    ]
]

$_SERVER = [
    'HTTP_HOST' => 'yii2'
    'HTTP_X_FORWARDED_PROTO' => 'http'
    'HTTP_X_REAL_IP' => '127.0.0.1'
    'HTTP_USER_AGENT' => 'Mozilla/5.0 (Windows NT 10.0; Win64; x64; rv:109.0) Gecko/20100101 Firefox/113.0'
    'HTTP_ACCEPT' => 'text/html,application/xhtml+xml,application/xml;q=0.9,image/avif,image/webp,*/*;q=0.8'
    'HTTP_ACCEPT_LANGUAGE' => 'ru-RU,ru;q=0.8,en-US;q=0.5,en;q=0.3'
    'HTTP_ACCEPT_ENCODING' => 'gzip, deflate'
    'HTTP_REFERER' => 'http://yii2/web/index.php'
    'HTTP_COOKIE' => 'PHPSESSID=39f3vlsrnh2m2h49p7hqqs81cnumjbc3'
    'HTTP_UPGRADE_INSECURE_REQUESTS' => '1'
    'PATH' => 'd:\\programms\\ospanel\\modules\\php\\PHP_8.0\\ext;d:\\programms\\ospanel\\modules\\php\\PHP_8.0\\pear;d:\\programms\\ospanel\\modules\\php\\PHP_8.0\\pear\\bin;d:\\programms\\ospanel\\modules\\php\\PHP_8.0;d:\\programms\\ospanel\\modules\\wget\\bin;d:\\programms\\ospanel\\modules\\database\\MySQL-5.6\\bin;d:\\programms\\ospanel\\modules\\http\\Apache_2.4-PHP_8.0-8.1+Nginx_1.23\\bin;d:\\programms\\ospanel\\modules\\http\\Apache_2.4-PHP_8.0-8.1+Nginx_1.23;C:\\Windows\\system32;C:\\Windows;C:\\Windows\\system32\\Wbem;C:\\Windows\\SysWOW64'
    'SystemRoot' => 'C:\\Windows'
    'COMSPEC' => 'C:\\Windows\\system32\\cmd.exe'
    'PATHEXT' => '.COM;.EXE;.BAT;.CMD;.VBS;.VBE;.JS;.JSE;.WSF;.WSH;.MSC'
    'WINDIR' => 'C:\\Windows'
    'SERVER_SIGNATURE' => ''
    'SERVER_SOFTWARE' => 'Apache'
    'SERVER_NAME' => 'yii2'
    'SERVER_ADDR' => '127.0.0.1'
    'SERVER_PORT' => '80'
    'REMOTE_ADDR' => '127.0.0.1'
    'DOCUMENT_ROOT' => 'D:/Programms/OSPanel/domains/yii2'
    'REQUEST_SCHEME' => 'http'
    'CONTEXT_PREFIX' => ''
    'CONTEXT_DOCUMENT_ROOT' => 'D:/Programms/OSPanel/domains/yii2'
    'SERVER_ADMIN' => '[no address given]'
    'SCRIPT_FILENAME' => 'D:/Programms/OSPanel/domains/yii2/web/index.php'
    'REMOTE_PORT' => '51373'
    'GATEWAY_INTERFACE' => 'CGI/1.1'
    'SERVER_PROTOCOL' => 'HTTP/1.1'
    'REQUEST_METHOD' => 'GET'
    'QUERY_STRING' => 'r=site%2Fcart'
    'REQUEST_URI' => '/web/index.php?r=site%2Fcart'
    'SCRIPT_NAME' => '/web/index.php'
    'PHP_SELF' => '/web/index.php'
    'REQUEST_TIME_FLOAT' => 1686023715.1269
    'REQUEST_TIME' => 1686023715
]
2023-06-06 06:55:18 [127.0.0.1][-][39f3vlsrnh2m2h49p7hqqs81cnumjbc3][error][yii\base\UnknownPropertyException] yii\base\UnknownPropertyException: Getting unknown property: yii\web\Application::cart in D:\Programms\OSPanel\domains\yii2\vendor\yiisoft\yii2\base\Component.php:154
Stack trace:
#0 D:\Programms\OSPanel\domains\yii2\vendor\yiisoft\yii2\di\ServiceLocator.php(77): yii\base\Component->__get()
#1 D:\Programms\OSPanel\domains\yii2\controllers\SiteController.php(30): yii\di\ServiceLocator->__get()
#2 [internal function]: app\controllers\SiteController->actionCart()
#3 D:\Programms\OSPanel\domains\yii2\vendor\yiisoft\yii2\base\InlineAction.php(57): call_user_func_array()
#4 D:\Programms\OSPanel\domains\yii2\vendor\yiisoft\yii2\base\Controller.php(178): yii\base\InlineAction->runWithParams()
#5 D:\Programms\OSPanel\domains\yii2\vendor\yiisoft\yii2\base\Module.php(552): yii\base\Controller->runAction()
#6 D:\Programms\OSPanel\domains\yii2\vendor\yiisoft\yii2\web\Application.php(103): yii\base\Module->runAction()
#7 D:\Programms\OSPanel\domains\yii2\vendor\yiisoft\yii2\base\Application.php(384): yii\web\Application->handleRequest()
#8 D:\Programms\OSPanel\domains\yii2\web\index.php(12): yii\base\Application->run()
#9 {main}
2023-06-06 06:55:18 [127.0.0.1][-][39f3vlsrnh2m2h49p7hqqs81cnumjbc3][info][application] $_GET = [
    'r' => 'site/cart'
]

$_POST = []

$_FILES = []

$_COOKIE = [
    'PHPSESSID' => '39f3vlsrnh2m2h49p7hqqs81cnumjbc3'
]

$_SESSION = [
    '__flash' => []
    'cart' => [
        3 => [
            'title' => 'Ветчина и грибы'
            'price' => '700.00'
            'quantity' => 1
        ]
        4 => [
            'title' => 'Четыре сыра'
            'price' => '800.00'
            'quantity' => 1
        ]
        2 => [
            'title' => 'Пепперони'
            'price' => '600.00'
            'quantity' => 1
        ]
    ]
]

$_SERVER = [
    'HTTP_HOST' => 'yii2'
    'HTTP_X_FORWARDED_PROTO' => 'http'
    'HTTP_X_REAL_IP' => '127.0.0.1'
    'HTTP_USER_AGENT' => 'Mozilla/5.0 (Windows NT 10.0; Win64; x64; rv:109.0) Gecko/20100101 Firefox/113.0'
    'HTTP_ACCEPT' => 'text/html,application/xhtml+xml,application/xml;q=0.9,image/avif,image/webp,*/*;q=0.8'
    'HTTP_ACCEPT_LANGUAGE' => 'ru-RU,ru;q=0.8,en-US;q=0.5,en;q=0.3'
    'HTTP_ACCEPT_ENCODING' => 'gzip, deflate'
    'HTTP_REFERER' => 'http://yii2/web/index.php'
    'HTTP_COOKIE' => 'PHPSESSID=39f3vlsrnh2m2h49p7hqqs81cnumjbc3'
    'HTTP_UPGRADE_INSECURE_REQUESTS' => '1'
    'PATH' => 'd:\\programms\\ospanel\\modules\\php\\PHP_8.0\\ext;d:\\programms\\ospanel\\modules\\php\\PHP_8.0\\pear;d:\\programms\\ospanel\\modules\\php\\PHP_8.0\\pear\\bin;d:\\programms\\ospanel\\modules\\php\\PHP_8.0;d:\\programms\\ospanel\\modules\\wget\\bin;d:\\programms\\ospanel\\modules\\database\\MySQL-5.6\\bin;d:\\programms\\ospanel\\modules\\http\\Apache_2.4-PHP_8.0-8.1+Nginx_1.23\\bin;d:\\programms\\ospanel\\modules\\http\\Apache_2.4-PHP_8.0-8.1+Nginx_1.23;C:\\Windows\\system32;C:\\Windows;C:\\Windows\\system32\\Wbem;C:\\Windows\\SysWOW64'
    'SystemRoot' => 'C:\\Windows'
    'COMSPEC' => 'C:\\Windows\\system32\\cmd.exe'
    'PATHEXT' => '.COM;.EXE;.BAT;.CMD;.VBS;.VBE;.JS;.JSE;.WSF;.WSH;.MSC'
    'WINDIR' => 'C:\\Windows'
    'SERVER_SIGNATURE' => ''
    'SERVER_SOFTWARE' => 'Apache'
    'SERVER_NAME' => 'yii2'
    'SERVER_ADDR' => '127.0.0.1'
    'SERVER_PORT' => '80'
    'REMOTE_ADDR' => '127.0.0.1'
    'DOCUMENT_ROOT' => 'D:/Programms/OSPanel/domains/yii2'
    'REQUEST_SCHEME' => 'http'
    'CONTEXT_PREFIX' => ''
    'CONTEXT_DOCUMENT_ROOT' => 'D:/Programms/OSPanel/domains/yii2'
    'SERVER_ADMIN' => '[no address given]'
    'SCRIPT_FILENAME' => 'D:/Programms/OSPanel/domains/yii2/web/index.php'
    'REMOTE_PORT' => '51381'
    'GATEWAY_INTERFACE' => 'CGI/1.1'
    'SERVER_PROTOCOL' => 'HTTP/1.1'
    'REQUEST_METHOD' => 'GET'
    'QUERY_STRING' => 'r=site%2Fcart'
    'REQUEST_URI' => '/web/index.php?r=site%2Fcart'
    'SCRIPT_NAME' => '/web/index.php'
    'PHP_SELF' => '/web/index.php'
    'REQUEST_TIME_FLOAT' => 1686023718.027
    'REQUEST_TIME' => 1686023718
]
